Using pre-set license
Built from '2020.3/release' branch; Version is '2020.3.12f1 (b3b2c6512326) revision 11776710'; Using compiler version '192528614'; Build Type 'Release'
OS: 'Windows 10 Education; OS build 19043.1165; Version 2009; 64bit' Language: 'th' Physical Memory: 16236 MB
BatchMode: 1, IsHumanControllingUs: 0, StartBugReporterOnCrash: 0, Is64bit: 1, IsPro: 0

 COMMAND LINE ARGUMENTS:
C:\Program Files\Unity\Hub\Editor\2020.3.12f1\Editor\Unity.exe
-adb2
-batchMode
-noUpm
-name
AssetImportWorker0
-projectPath
C:/Users/Pattrawut/Project/Project01/UnityAot
-logFile
Logs/AssetImportWorker0.log
-srvPort
54387
Successfully changed project path to: C:/Users/Pattrawut/Project/Project01/UnityAot
C:/Users/Pattrawut/Project/Project01/UnityAot
Using Asset Import Pipeline V2.
Refreshing native plugins compatible for Editor in 123.80 ms, found 2 plugins.
Preloading 0 native plugins for Editor in 0.00 ms.
Initialize engine version: 2020.3.12f1 (b3b2c6512326)
[Subsystems] Discovering subsystems at path C:/Program Files/Unity/Hub/Editor/2020.3.12f1/Editor/Data/Resources/UnitySubsystems
[Subsystems] Discovering subsystems at path C:/Users/Pattrawut/Project/Project01/UnityAot/Assets
GfxDevice: creating device client; threaded=0
Direct3D:
    Version:  Direct3D 11.0 [level 11.1]
    Renderer: NVIDIA GeForce GTX 1650 (ID=0x1f91)
    Vendor:   
    VRAM:     3962 MB
    Driver:   30.0.14.7168
Initialize mono
Mono path[0] = 'C:/Program Files/Unity/Hub/Editor/2020.3.12f1/Editor/Data/Managed'
Mono path[1] = 'C:/Program Files/Unity/Hub/Editor/2020.3.12f1/Editor/Data/MonoBleedingEdge/lib/mono/unityjit'
Mono config path = 'C:/Program Files/Unity/Hub/Editor/2020.3.12f1/Editor/Data/MonoBleedingEdge/etc'
Using monoOptions --debugger-agent=transport=dt_socket,embedding=1,server=y,suspend=n,address=127.0.0.1:56388
Begin MonoManager ReloadAssembly
Registering precompiled unity dll's ...
Register platform support module: C:/Program Files/Unity/Hub/Editor/2020.3.12f1/Editor/Data/PlaybackEngines/WindowsStandaloneSupport/UnityEditor.WindowsStandalone.Extensions.dll
Registered in 0.002646 seconds.
Native extension for WindowsStandalone target not found
Refreshing native plugins compatible for Editor in 121.46 ms, found 2 plugins.
Preloading 0 native plugins for Editor in 0.00 ms.
Mono: successfully reloaded assembly
- Completed reload, in  2.231 seconds
Platform modules already initialized, skipping
Registering precompiled user dll's ...
Registered in 0.008469 seconds.
Begin MonoManager ReloadAssembly
Native extension for WindowsStandalone target not found
Refreshing native plugins compatible for Editor in 1.71 ms, found 2 plugins.
Preloading 0 native plugins for Editor in 0.00 ms.
Mono: successfully reloaded assembly
- Completed reload, in  2.191 seconds
Platform modules already initialized, skipping
========================================================================
Worker process is ready to serve import requests
Launched and connected shader compiler UnityShaderCompiler.exe after 0.08 seconds
Refreshing native plugins compatible for Editor in 1.51 ms, found 2 plugins.
Preloading 0 native plugins for Editor in 0.00 ms.
Unloading 1409 Unused Serialized files (Serialized files now loaded: 0)
System memory in use before: 90.8 MB.
System memory in use after: 90.9 MB.

Unloading 17 unused Assets to reduce memory usage. Loaded Objects now: 1874.
Total: 4.686400 ms (FindLiveObjects: 0.412100 ms CreateObjectMapping: 0.174500 ms MarkObjects: 4.059400 ms  DeleteObjects: 0.037600 ms)

AssetImportParameters requested are different than current active one (requested -> active):
  custom:framework-win-MediaFoundation: 216162199b28c13a410421893ffa2e32 -> 
  custom:video-decoder-ogg-theora: a1e56fd34408186e4bbccfd4996cb3dc -> 
  custom:container-muxer-webm: aa71ff27fc2769a1b78a27578f13a17b -> 
  custom:container-demuxer-webm: 4f35f7cbe854078d1ac9338744f61a02 -> 
  custom:container-demuxer-ogg: 62fdf1f143b41e24485cea50d1cbac27 -> 
  custom:video-encoder-webm-vp8: eb34c28f22e8b96e1ab97ce403110664 -> 
  custom:video-codec-MediaFoundation-h265: 746d11721c4dcdbdad8f713fa42b33f4 -> 
  custom:video-decoder-webm-vp8: 9c59270c3fd7afecdb556c50c9e8de78 -> 
  custom:audio-decoder-ogg-vorbis: bf7c407c2cedff20999df2af8eb42d56 -> 
  custom:audio-encoder-webm-vorbis: bf7c407c2cedff20999df2af8eb42d56 -> 
========================================================================
Received Import Request.
  path: Assets/GUIandButton/Puzzle stage & settings GUI Pack/Image_red/off.png
  artifactKey: Guid(2182669c72161dd40b1d4b57702d6ed4) Importer(815301076,1909f56bfc062723c751e8b465ee728b)
Start importing Assets/GUIandButton/Puzzle stage & settings GUI Pack/Image_red/off.png using Guid(2182669c72161dd40b1d4b57702d6ed4) Importer(815301076,1909f56bfc062723c751e8b465ee728b)  -> (artifact id: '9b75069f4f712bbfa3da710e1d7a0810') in 0.281933 seconds 
  Import took 0.288499 seconds .

========================================================================
Received Import Request.
  Time since last request: 0.000425 seconds.
  path: Assets/GUIandButton/Puzzle stage & settings GUI Pack/Image_red/line.png
  artifactKey: Guid(b7d15dce14a31754e9d444d941f099fe) Importer(815301076,1909f56bfc062723c751e8b465ee728b)
Start importing Assets/GUIandButton/Puzzle stage & settings GUI Pack/Image_red/line.png using Guid(b7d15dce14a31754e9d444d941f099fe) Importer(815301076,1909f56bfc062723c751e8b465ee728b)  -> (artifact id: 'f8bb14bd6e2f45484370f6f2d86d99a5') in 0.047291 seconds 
  Import took 0.052811 seconds .

========================================================================
Received Import Request.
  Time since last request: 0.000408 seconds.
  path: Assets/GUIandButton/Puzzle stage & settings GUI Pack/Image_red/goods.png
  artifactKey: Guid(bdf47ca946cc642428b02b383b44e309) Importer(815301076,1909f56bfc062723c751e8b465ee728b)
Start importing Assets/GUIandButton/Puzzle stage & settings GUI Pack/Image_red/goods.png using Guid(bdf47ca946cc642428b02b383b44e309) Importer(815301076,1909f56bfc062723c751e8b465ee728b)  -> (artifact id: 'e56e6718faf51ce8962c2da313c69fff') in 0.047700 seconds 
  Import took 0.054650 seconds .

========================================================================
Received Import Request.
  Time since last request: 0.000423 seconds.
  path: Assets/GUIandButton/Puzzle stage & settings GUI Pack/facebook.png
  artifactKey: Guid(fd6563dd6e06ba64585df5f61c6eed82) Importer(815301076,1909f56bfc062723c751e8b465ee728b)
Start importing Assets/GUIandButton/Puzzle stage & settings GUI Pack/facebook.png using Guid(fd6563dd6e06ba64585df5f61c6eed82) Importer(815301076,1909f56bfc062723c751e8b465ee728b)  -> (artifact id: 'fa2c67e8b30891cbee4275efc46750de') in 0.048878 seconds 
  Import took 0.054417 seconds .

========================================================================
Received Import Request.
  Time since last request: 0.000374 seconds.
  path: Assets/GUIandButton/Puzzle stage & settings GUI Pack/Image_red/+.png
  artifactKey: Guid(082ac95b597b5f049906d7f139728c63) Importer(815301076,1909f56bfc062723c751e8b465ee728b)
Start importing Assets/GUIandButton/Puzzle stage & settings GUI Pack/Image_red/+.png using Guid(082ac95b597b5f049906d7f139728c63) Importer(815301076,1909f56bfc062723c751e8b465ee728b)  -> (artifact id: 'c9401f7f8380bb8b2100940a57486355') in 0.087340 seconds 
  Import took 0.091949 seconds .

========================================================================
Received Import Request.
  Time since last request: 0.000389 seconds.
  path: Assets/GUIandButton/Puzzle stage & settings GUI Pack/Image_red/jelly.png
  artifactKey: Guid(a09b81883fd657243ae113396d6d132a) Importer(815301076,1909f56bfc062723c751e8b465ee728b)
Start importing Assets/GUIandButton/Puzzle stage & settings GUI Pack/Image_red/jelly.png using Guid(a09b81883fd657243ae113396d6d132a) Importer(815301076,1909f56bfc062723c751e8b465ee728b)  -> (artifact id: '0a84e636d69fc2dc21844fe8c04e4035') in 0.034502 seconds 
  Import took 0.041900 seconds .

========================================================================
Received Import Request.
  Time since last request: 0.000456 seconds.
  path: Assets/GUIandButton/Puzzle stage & settings GUI Pack/Image_red
  artifactKey: Guid(4b183a396b32f9843a1525f4555af797) Importer(815301076,1909f56bfc062723c751e8b465ee728b)
Start importing Assets/GUIandButton/Puzzle stage & settings GUI Pack/Image_red using Guid(4b183a396b32f9843a1525f4555af797) Importer(815301076,1909f56bfc062723c751e8b465ee728b)  -> (artifact id: '1ce64d1a088e96117025a4bdcec47398') in 0.009161 seconds 
  Import took 0.015095 seconds .

========================================================================
Received Import Request.
  Time since last request: 0.000338 seconds.
  path: Assets/GUIandButton/Puzzle stage & settings GUI Pack/Image_red/bar.png
  artifactKey: Guid(b0add21f966f0cd498a4880b53be17d8) Importer(815301076,1909f56bfc062723c751e8b465ee728b)
Start importing Assets/GUIandButton/Puzzle stage & settings GUI Pack/Image_red/bar.png using Guid(b0add21f966f0cd498a4880b53be17d8) Importer(815301076,1909f56bfc062723c751e8b465ee728b)  -> (artifact id: 'f656c4152298beea44fc579c0b0868b9') in 0.031793 seconds 
  Import took 0.038596 seconds .

========================================================================
Received Import Request.
  Time since last request: 0.000509 seconds.
  path: Assets/GUIandButton/Puzzle stage & settings GUI Pack/Image_red/on.png
  artifactKey: Guid(43a335b43af1622479c511a7f0a314dc) Importer(815301076,1909f56bfc062723c751e8b465ee728b)
Start importing Assets/GUIandButton/Puzzle stage & settings GUI Pack/Image_red/on.png using Guid(43a335b43af1622479c511a7f0a314dc) Importer(815301076,1909f56bfc062723c751e8b465ee728b)  -> (artifact id: '665e32941f155ac892f2ad2ace128190') in 0.049288 seconds 
  Import took 0.055533 seconds .

========================================================================
Received Import Request.
  Time since last request: 0.000457 seconds.
  path: Assets/GUIandButton/Puzzle stage & settings GUI Pack/Image_red/star box.png
  artifactKey: Guid(2a1b8b0c57e6e5f4a94da8ead1ed0496) Importer(815301076,1909f56bfc062723c751e8b465ee728b)
Start importing Assets/GUIandButton/Puzzle stage & settings GUI Pack/Image_red/star box.png using Guid(2a1b8b0c57e6e5f4a94da8ead1ed0496) Importer(815301076,1909f56bfc062723c751e8b465ee728b)  -> (artifact id: 'dd323b079025fdc9426b5bb6a49d6093') in 0.068123 seconds 
  Import took 0.073979 seconds .

========================================================================
Received Import Request.
  Time since last request: 0.000360 seconds.
  path: Assets/GUIandButton/Puzzle stage & settings GUI Pack/Image_red/box.png
  artifactKey: Guid(9c1e15ce258b75b479c38de4b37da8dd) Importer(815301076,1909f56bfc062723c751e8b465ee728b)
Start importing Assets/GUIandButton/Puzzle stage & settings GUI Pack/Image_red/box.png using Guid(9c1e15ce258b75b479c38de4b37da8dd) Importer(815301076,1909f56bfc062723c751e8b465ee728b)  -> (artifact id: 'c563d0167ea06b7ae62f9927f9f1b06c') in 0.084778 seconds 
  Import took 0.089658 seconds .

========================================================================
Received Import Request.
  Time since last request: 0.000411 seconds.
  path: Assets/GUIandButton/Puzzle stage & settings GUI Pack/Image_red/star.png
  artifactKey: Guid(e0b7051440177ab40a45e8abd1e858c8) Importer(815301076,1909f56bfc062723c751e8b465ee728b)
Start importing Assets/GUIandButton/Puzzle stage & settings GUI Pack/Image_red/star.png using Guid(e0b7051440177ab40a45e8abd1e858c8) Importer(815301076,1909f56bfc062723c751e8b465ee728b)  -> (artifact id: 'a956195e993cf81986d3c315ea48f3c8') in 0.048432 seconds 
  Import took 0.053818 seconds .

========================================================================
Received Import Request.
  Time since last request: 0.000371 seconds.
  path: Assets/GUIandButton/Puzzle stage & settings GUI Pack/Image_red/stage.png
  artifactKey: Guid(b5a1421c794b0b44dabc0ac142225fa2) Importer(815301076,1909f56bfc062723c751e8b465ee728b)
Start importing Assets/GUIandButton/Puzzle stage & settings GUI Pack/Image_red/stage.png using Guid(b5a1421c794b0b44dabc0ac142225fa2) Importer(815301076,1909f56bfc062723c751e8b465ee728b)  -> (artifact id: '7fc19b527f68805c0d5875df87abcc43') in 0.040328 seconds 
  Import took 0.044969 seconds .

========================================================================
Received Import Request.
  Time since last request: 0.000841 seconds.
  path: Assets/GUIandButton/Puzzle stage & settings GUI Pack/Image_red/coin.png
  artifactKey: Guid(734f024cfed311941aa9fe6af58e3db9) Importer(815301076,1909f56bfc062723c751e8b465ee728b)
Start importing Assets/GUIandButton/Puzzle stage & settings GUI Pack/Image_red/coin.png using Guid(734f024cfed311941aa9fe6af58e3db9) Importer(815301076,1909f56bfc062723c751e8b465ee728b)  -> (artifact id: '8feb08bc3a2ac15f5b61b4de5ea256ef') in 0.041243 seconds 
  Import took 0.046517 seconds .

========================================================================
Received Import Request.
  Time since last request: 0.000478 seconds.
  path: Assets/GUIandButton/Puzzle stage & settings GUI Pack/Image_red/goods coin.png
  artifactKey: Guid(40824727f84f86b49b379f1ed9a1f7ad) Importer(815301076,1909f56bfc062723c751e8b465ee728b)
Start importing Assets/GUIandButton/Puzzle stage & settings GUI Pack/Image_red/goods coin.png using Guid(40824727f84f86b49b379f1ed9a1f7ad) Importer(815301076,1909f56bfc062723c751e8b465ee728b)  -> (artifact id: '73ae3497730fabcc5c9fb766f2e0fe9c') in 0.085761 seconds 
  Import took 0.092278 seconds .

========================================================================
Received Import Request.
  Time since last request: 0.000452 seconds.
  path: Assets/GUIandButton/Puzzle stage & settings GUI Pack/google.png
  artifactKey: Guid(8dbf17161d3061443990ffedeb5e43e6) Importer(815301076,1909f56bfc062723c751e8b465ee728b)
Start importing Assets/GUIandButton/Puzzle stage & settings GUI Pack/google.png using Guid(8dbf17161d3061443990ffedeb5e43e6) Importer(815301076,1909f56bfc062723c751e8b465ee728b)  -> (artifact id: '22f2a30eca5dad3b03b59da03b41f9de') in 0.043302 seconds 
  Import took 0.048613 seconds .

========================================================================
Received Import Request.
  Time since last request: 0.000476 seconds.
  path: Assets/GUIandButton/Puzzle stage & settings GUI Pack/Image_red/bar box.png
  artifactKey: Guid(9a8035426c3220a4cbae8c7830c7632b) Importer(815301076,1909f56bfc062723c751e8b465ee728b)
Start importing Assets/GUIandButton/Puzzle stage & settings GUI Pack/Image_red/bar box.png using Guid(9a8035426c3220a4cbae8c7830c7632b) Importer(815301076,1909f56bfc062723c751e8b465ee728b)  -> (artifact id: '9bc3e352638ac64fe3232354a39ee836') in 0.034565 seconds 
  Import took 0.039741 seconds .

========================================================================
Received Import Request.
  Time since last request: 0.000285 seconds.
  path: Assets/GUIandButton/Puzzle stage & settings GUI Pack/Image_red/x.png
  artifactKey: Guid(4b4ba38a1451a1b44ba085c662537901) Importer(815301076,1909f56bfc062723c751e8b465ee728b)
Start importing Assets/GUIandButton/Puzzle stage & settings GUI Pack/Image_red/x.png using Guid(4b4ba38a1451a1b44ba085c662537901) Importer(815301076,1909f56bfc062723c751e8b465ee728b)  -> (artifact id: '13be6b669a0c9bc54d54e22796f3c150') in 0.052567 seconds 
  Import took 0.060837 seconds .

========================================================================
Received Import Request.
  Time since last request: 0.000461 seconds.
  path: Assets/GUIandButton/Puzzle stage & settings GUI Pack
  artifactKey: Guid(0ee784c50a6621f45a790304ee8b409f) Importer(815301076,1909f56bfc062723c751e8b465ee728b)
Start importing Assets/GUIandButton/Puzzle stage & settings GUI Pack using Guid(0ee784c50a6621f45a790304ee8b409f) Importer(815301076,1909f56bfc062723c751e8b465ee728b)  -> (artifact id: 'bfb2892a12dd5e54c2c055744da860ff') in 0.011597 seconds 
  Import took 0.020095 seconds .

========================================================================
Received Import Request.
  Time since last request: 0.000415 seconds.
  path: Assets/GUIandButton
  artifactKey: Guid(e915d2cd49863d4489180c449c444032) Importer(815301076,1909f56bfc062723c751e8b465ee728b)
Start importing Assets/GUIandButton using Guid(e915d2cd49863d4489180c449c444032) Importer(815301076,1909f56bfc062723c751e8b465ee728b)  -> (artifact id: 'f54d34d969f0ce3e36a73b5546d00154') in 0.011605 seconds 
  Import took 0.017107 seconds .

========================================================================
Received Import Request.
  Time since last request: 0.000470 seconds.
  path: Assets/GUIandButton/Puzzle stage & settings GUI Pack/Image_red/candy bar.png
  artifactKey: Guid(1aeb4b16053a15040a02dbec0558d2d3) Importer(815301076,1909f56bfc062723c751e8b465ee728b)
Start importing Assets/GUIandButton/Puzzle stage & settings GUI Pack/Image_red/candy bar.png using Guid(1aeb4b16053a15040a02dbec0558d2d3) Importer(815301076,1909f56bfc062723c751e8b465ee728b)  -> (artifact id: '45aa619ab4ab383377e716a921a477ca') in 0.063792 seconds 
  Import took 0.070086 seconds .

========================================================================
Received Import Request.
  Time since last request: 0.000437 seconds.
  path: Assets/GUIandButton/Puzzle stage & settings GUI Pack/Image_red/goods jelly.png
  artifactKey: Guid(0b7d24aa5c71add4dbfdd85f131667f3) Importer(815301076,1909f56bfc062723c751e8b465ee728b)
Start importing Assets/GUIandButton/Puzzle stage & settings GUI Pack/Image_red/goods jelly.png using Guid(0b7d24aa5c71add4dbfdd85f131667f3) Importer(815301076,1909f56bfc062723c751e8b465ee728b)  -> (artifact id: '23cd1ff20bea4f46cf079ac2225e72ba') in 0.095489 seconds 
  Import took 0.102137 seconds .

========================================================================
Received Import Request.
  Time since last request: 11.236785 seconds.
  path: Assets/Scenes
  artifactKey: Guid(eecdbc44b7bf97b4982373de6b447efb) Importer(815301076,1909f56bfc062723c751e8b465ee728b)
Start importing Assets/Scenes using Guid(eecdbc44b7bf97b4982373de6b447efb) Importer(815301076,1909f56bfc062723c751e8b465ee728b)  -> (artifact id: 'af192e86eebef7185de8df4c7d46133a') in 0.013026 seconds 
  Import took 0.021035 seconds .

========================================================================
Received Prepare
Refreshing native plugins compatible for Editor in 6.35 ms, found 2 plugins.
Preloading 0 native plugins for Editor in 0.00 ms.
Unloading 11 Unused Serialized files (Serialized files now loaded: 0)
System memory in use before: 66.3 MB.
System memory in use after: 66.4 MB.

Unloading 11 unused Assets to reduce memory usage. Loaded Objects now: 1904.
Total: 4.496800 ms (FindLiveObjects: 0.397300 ms CreateObjectMapping: 0.149500 ms MarkObjects: 3.916300 ms  DeleteObjects: 0.031100 ms)

AssetImportParameters requested are different than current active one (requested -> active):
  custom:framework-win-MediaFoundation: 216162199b28c13a410421893ffa2e32 -> 
  custom:video-decoder-ogg-theora: a1e56fd34408186e4bbccfd4996cb3dc -> 
  custom:container-muxer-webm: aa71ff27fc2769a1b78a27578f13a17b -> 
  custom:container-demuxer-webm: 4f35f7cbe854078d1ac9338744f61a02 -> 
  custom:container-demuxer-ogg: 62fdf1f143b41e24485cea50d1cbac27 -> 
  custom:video-encoder-webm-vp8: eb34c28f22e8b96e1ab97ce403110664 -> 
  custom:video-codec-MediaFoundation-h265: 746d11721c4dcdbdad8f713fa42b33f4 -> 
  custom:video-decoder-webm-vp8: 9c59270c3fd7afecdb556c50c9e8de78 -> 
  custom:audio-decoder-ogg-vorbis: bf7c407c2cedff20999df2af8eb42d56 -> 
  custom:audio-encoder-webm-vorbis: bf7c407c2cedff20999df2af8eb42d56 -> 
========================================================================
Received Import Request.
  Time since last request: 64.307140 seconds.
  path: Assets/script/Script_AOt
  artifactKey: Guid(dff4e3f29e309dd4b9d00ed5ece68827) Importer(815301076,1909f56bfc062723c751e8b465ee728b)
Start importing Assets/script/Script_AOt using Guid(dff4e3f29e309dd4b9d00ed5ece68827) Importer(815301076,1909f56bfc062723c751e8b465ee728b)  -> (artifact id: '132707681422220d52cbad66f0aeb17d') in 0.011435 seconds 
  Import took 0.016745 seconds .

========================================================================
Received Import Request.
  Time since last request: 0.008796 seconds.
  path: Assets/script/CameraController.cs
  artifactKey: Guid(7b353ca011197b44ab0ba01b0c240ba8) Importer(815301076,1909f56bfc062723c751e8b465ee728b)
Start importing Assets/script/CameraController.cs using Guid(7b353ca011197b44ab0ba01b0c240ba8) Importer(815301076,1909f56bfc062723c751e8b465ee728b)  -> (artifact id: 'b4221b3e278d619d985319159e5ff887') in 0.018793 seconds 
  Import took 0.023717 seconds .

========================================================================
Received Prepare
Registering precompiled user dll's ...
Registered in 0.008487 seconds.
Begin MonoManager ReloadAssembly
Native extension for WindowsStandalone target not found
Refreshing native plugins compatible for Editor in 3.24 ms, found 2 plugins.
Preloading 0 native plugins for Editor in 0.00 ms.
Mono: successfully reloaded assembly
- Completed reload, in  2.281 seconds
Platform modules already initialized, skipping
Refreshing native plugins compatible for Editor in 1.76 ms, found 2 plugins.
Preloading 0 native plugins for Editor in 0.00 ms.
Unloading 1402 Unused Serialized files (Serialized files now loaded: 0)
System memory in use before: 93.7 MB.
System memory in use after: 93.8 MB.

Unloading 13 unused Assets to reduce memory usage. Loaded Objects now: 1907.
Total: 4.429300 ms (FindLiveObjects: 0.483200 ms CreateObjectMapping: 0.148300 ms MarkObjects: 3.717800 ms  DeleteObjects: 0.076700 ms)

AssetImportParameters requested are different than current active one (requested -> active):
  custom:framework-win-MediaFoundation: 216162199b28c13a410421893ffa2e32 -> 
  custom:video-decoder-ogg-theora: a1e56fd34408186e4bbccfd4996cb3dc -> 
  custom:container-muxer-webm: aa71ff27fc2769a1b78a27578f13a17b -> 
  custom:container-demuxer-webm: 4f35f7cbe854078d1ac9338744f61a02 -> 
  custom:container-demuxer-ogg: 62fdf1f143b41e24485cea50d1cbac27 -> 
  custom:video-encoder-webm-vp8: eb34c28f22e8b96e1ab97ce403110664 -> 
  custom:video-codec-MediaFoundation-h265: 746d11721c4dcdbdad8f713fa42b33f4 -> 
  custom:video-decoder-webm-vp8: 9c59270c3fd7afecdb556c50c9e8de78 -> 
  custom:audio-decoder-ogg-vorbis: bf7c407c2cedff20999df2af8eb42d56 -> 
  custom:audio-encoder-webm-vorbis: bf7c407c2cedff20999df2af8eb42d56 -> 
========================================================================
Received Prepare
Registering precompiled user dll's ...
Registered in 0.008898 seconds.
Begin MonoManager ReloadAssembly
Native extension for WindowsStandalone target not found
Refreshing native plugins compatible for Editor in 2.27 ms, found 2 plugins.
Preloading 0 native plugins for Editor in 0.00 ms.
Mono: successfully reloaded assembly
- Completed reload, in  2.033 seconds
Platform modules already initialized, skipping
Refreshing native plugins compatible for Editor in 1.66 ms, found 2 plugins.
Preloading 0 native plugins for Editor in 0.00 ms.
Unloading 1402 Unused Serialized files (Serialized files now loaded: 0)
System memory in use before: 93.8 MB.
System memory in use after: 93.9 MB.

Unloading 13 unused Assets to reduce memory usage. Loaded Objects now: 1910.
Total: 4.678800 ms (FindLiveObjects: 0.448900 ms CreateObjectMapping: 0.176400 ms MarkObjects: 4.011300 ms  DeleteObjects: 0.039900 ms)

AssetImportParameters requested are different than current active one (requested -> active):
  custom:framework-win-MediaFoundation: 216162199b28c13a410421893ffa2e32 -> 
  custom:video-decoder-ogg-theora: a1e56fd34408186e4bbccfd4996cb3dc -> 
  custom:container-muxer-webm: aa71ff27fc2769a1b78a27578f13a17b -> 
  custom:container-demuxer-webm: 4f35f7cbe854078d1ac9338744f61a02 -> 
  custom:container-demuxer-ogg: 62fdf1f143b41e24485cea50d1cbac27 -> 
  custom:video-encoder-webm-vp8: eb34c28f22e8b96e1ab97ce403110664 -> 
  custom:video-codec-MediaFoundation-h265: 746d11721c4dcdbdad8f713fa42b33f4 -> 
  custom:video-decoder-webm-vp8: 9c59270c3fd7afecdb556c50c9e8de78 -> 
  custom:audio-decoder-ogg-vorbis: bf7c407c2cedff20999df2af8eb42d56 -> 
  custom:audio-encoder-webm-vorbis: bf7c407c2cedff20999df2af8eb42d56 -> 
========================================================================
Received Prepare
Registering precompiled user dll's ...
Registered in 0.010042 seconds.
Begin MonoManager ReloadAssembly
Native extension for WindowsStandalone target not found
Refreshing native plugins compatible for Editor in 1.65 ms, found 2 plugins.
Preloading 0 native plugins for Editor in 0.00 ms.
Mono: successfully reloaded assembly
- Completed reload, in  2.084 seconds
Platform modules already initialized, skipping
Refreshing native plugins compatible for Editor in 1.45 ms, found 2 plugins.
Preloading 0 native plugins for Editor in 0.00 ms.
Unloading 1402 Unused Serialized files (Serialized files now loaded: 0)
System memory in use before: 93.8 MB.
System memory in use after: 93.9 MB.

Unloading 13 unused Assets to reduce memory usage. Loaded Objects now: 1913.
Total: 5.186300 ms (FindLiveObjects: 0.368400 ms CreateObjectMapping: 0.156700 ms MarkObjects: 4.625300 ms  DeleteObjects: 0.033500 ms)

AssetImportParameters requested are different than current active one (requested -> active):
  custom:framework-win-MediaFoundation: 216162199b28c13a410421893ffa2e32 -> 
  custom:video-decoder-ogg-theora: a1e56fd34408186e4bbccfd4996cb3dc -> 
  custom:container-muxer-webm: aa71ff27fc2769a1b78a27578f13a17b -> 
  custom:container-demuxer-webm: 4f35f7cbe854078d1ac9338744f61a02 -> 
  custom:container-demuxer-ogg: 62fdf1f143b41e24485cea50d1cbac27 -> 
  custom:video-encoder-webm-vp8: eb34c28f22e8b96e1ab97ce403110664 -> 
  custom:video-codec-MediaFoundation-h265: 746d11721c4dcdbdad8f713fa42b33f4 -> 
  custom:video-decoder-webm-vp8: 9c59270c3fd7afecdb556c50c9e8de78 -> 
  custom:audio-decoder-ogg-vorbis: bf7c407c2cedff20999df2af8eb42d56 -> 
  custom:audio-encoder-webm-vorbis: bf7c407c2cedff20999df2af8eb42d56 -> 
AssetImportWorkerClient::OnTransportError - code=2 error=End of file
